<?xml version="1.0" encoding="UTF-8" ?>
<testsuite tests="7" failures="0" name="RunCukesTest" time="0.005" errors="0" skipped="0">
  <properties>
[...]
</properties>
  <testcase classname="Scenario: successful checkout for a logged in user with cart having one item" name="Given user &quot;vinaykris@gmail.com&quot; has logged in" time="0.004"/>
  <testcase classname="Scenario: successful checkout for a logged in user with cart having one item" name="And has &quot;Microsoft Lumia 640&quot; mobile in the cart priced Rs &quot;10000&quot;" time="0"/>
  <testcase classname="Scenario: successful checkout for a logged in user with cart having one item" name="And Vat is &quot;15&quot; %" time="0"/>
  <testcase classname="Scenario: successful checkout for a logged in user with cart having one item" name="When user checks out the cart" time="0"/>
  <testcase classname="Scenario: successful checkout for a logged in user with cart having one item" name="Then confirmation of billing is generated with &quot;Microsoft Lumia 640&quot; mobile" time="0.001"/>
  <testcase classname="Scenario: successful checkout for a logged in user with cart having one item" name="And Total price is Rs &quot;11500&quot;" time="0"/>
  <testcase classname="Scenario: successful checkout for a logged in user with cart having one item" name="Scenario: successful checkout for a logged in user with cart having one item" time="0"/>
</testsuite>